Arguments: 
  /usr/local/Cellar/node/8.9.1/bin/node /usr/local/bin/yarn init

PATH: 
  /Users/mbp/.goenv/shims:/Users/mbp/.goenv/bin:/Users/mbp/.plenv/shims:/Users/mbp/.plenv/bin:/Users/mbp/.scalaenv/shims:/Users/mbp/.scalaenv/bin:/Users/mbp/.rbenv/shims:/Users/mbp/.rbenv/bin:/usr/local/bin:/usr/bin:/bin:/usr/sbin:/sbin:/Users/mbp/.goenv/shims:/Users/mbp/.goenv/bin:/Users/mbp/.plenv/shims:/Users/mbp/.plenv/bin:/Users/mbp/.scalaenv/shims:/Users/mbp/.scalaenv/bin:/Users/mbp/.rbenv/shims:/Users/mbp/.rbenv/bin

Yarn version: 
  1.3.2

Node version: 
  9.1.0

Platform: 
  darwin x64

npm manifest: 
  No manifest

yarn manifest: 
  No manifest

Lockfile: 
  No lockfile

Trace: 
  Error: canceled
      at Interface.<anonymous> (/usr/local/lib/node_modules/yarn/lib/cli.js:121045:13)
      at emitNone (events.js:115:13)
      at Interface.emit (events.js:218:7)
      at Interface._ttyWrite (readline.js:786:16)
      at ReadStream.onkeypress (readline.js:165:10)
      at emitTwo (events.js:135:13)
      at ReadStream.emit (events.js:224:7)
      at emitKeys (internal/readline.js:420:14)
      at emitKeys.next (<anonymous>)
      at ReadStream.onData (readline.js:1022:36)
